[   91409ms] TypeError: events.map is not a function
    at EventTimeline (http://localhost:3200/_next/static/chunks/src_0byltht._.js:673:34)
    at Object.react_stack_bottom_frame (http://localhost:3200/_next/static/chunks/11y7_next_dist_compiled_react-dom_02ci42l._.js:15037:24)
    at renderWithHooks (http://localhost:3200/_next/static/chunks/11y7_next_dist_compiled_react-dom_02ci42l._.js:4620:24)
    at updateFunctionComponent (http://localhost:3200/_next/static/chunks/11y7_next_dist_compiled_react-dom_02ci42l._.js:6081:21)
    at beginWork (http://localhost:3200/_next/static/chunks/11y7_next_dist_compiled_react-dom_02ci42l._.js:6691:24)
    at runWithFiberInDEV (http://localhost:3200/_next/static/chunks/11y7_next_dist_compiled_react-dom_02ci42l._.js:965:74)
    at performUnitOfWork (http://localhost:3200/_next/static/chunks/11y7_next_dist_compiled_react-dom_02ci42l._.js:9555:97)
    at workLoopSync (http://localhost:3200/_next/static/chunks/11y7_next_dist_compiled_react-dom_02ci42l._.js:9449:40)
    at renderRootSync (http://localhost:3200/_next/static/chunks/11y7_next_dist_compiled_react-dom_02ci42l._.js:9433:13)
    at performWorkOnRoot (http://localhost:3200/_next/static/chunks/11y7_next_dist_compiled_react-dom_02ci42l._.js:9098:47)
    at performSyncWorkOnRoot (http://localhost:3200/_next/static/chunks/11y7_next_dist_compiled_react-dom_02ci42l._.js:10263:9)
    at flushSyncWorkAcrossRoots_impl (http://localhost:3200/_next/static/chunks/11y7_next_dist_compiled_react-dom_02ci42l._.js:10179:316)
    at processRootScheduleInMicrotask (http://localhost:3200/_next/static/chunks/11y7_next_dist_compiled_react-dom_02ci42l._.js:10200:106)
    at http://localhost:3200/_next/static/chunks/11y7_next_dist_compiled_react-dom_02ci42l._.js:10274:158
[  160735ms] [WARNING] [Fast Refresh] performing full reload because your application had an unrecoverable error @ http://localhost:3200/_next/static/chunks/11y7_next_dist_0bi0ewc._.js:2431
[  161084ms] [ERROR] Failed to load resource: the server responded with a status of 500 (Internal Server Error) @ http://localhost:3200/events:0
[  161402ms] ReferenceError: events is not defined
    at EventsPage (http://localhost:3200/_next/static/chunks/src_0byltht._.js:1008:25)
    at Object.react_stack_bottom_frame (http://localhost:3200/_next/static/chunks/11y7_next_dist_compiled_react-dom_02ci42l._.js:15037:24)
    at renderWithHooks (http://localhost:3200/_next/static/chunks/11y7_next_dist_compiled_react-dom_02ci42l._.js:4620:24)
    at updateFunctionComponent (http://localhost:3200/_next/static/chunks/11y7_next_dist_compiled_react-dom_02ci42l._.js:6081:21)
    at beginWork (http://localhost:3200/_next/static/chunks/11y7_next_dist_compiled_react-dom_02ci42l._.js:6691:24)
    at runWithFiberInDEV (http://localhost:3200/_next/static/chunks/11y7_next_dist_compiled_react-dom_02ci42l._.js:965:74)
    at performUnitOfWork (http://localhost:3200/_next/static/chunks/11y7_next_dist_compiled_react-dom_02ci42l._.js:9555:97)
    at workLoopSync (http://localhost:3200/_next/static/chunks/11y7_next_dist_compiled_react-dom_02ci42l._.js:9449:40)
    at renderRootSync (http://localhost:3200/_next/static/chunks/11y7_next_dist_compiled_react-dom_02ci42l._.js:9433:13)
    at performWorkOnRoot (http://localhost:3200/_next/static/chunks/11y7_next_dist_compiled_react-dom_02ci42l._.js:9098:47)
    at performWorkOnRootViaSchedulerTask (http://localhost:3200/_next/static/chunks/11y7_next_dist_compiled_react-dom_02ci42l._.js:10255:9)
    at MessagePort.performWorkUntilDeadline (http://localhost:3200/_next/static/chunks/11y7_next_dist_compiled_03xgjy_._.js:2647:64)
[  174078ms] [WARNING] [Fast Refresh] performing full reload because your application had an unrecoverable error @ http://localhost:3200/_next/static/chunks/11y7_next_dist_0bi0ewc._.js:2431
[  174484ms] [ERROR] Failed to load resource: the server responded with a status of 500 (Internal Server Error) @ http://localhost:3200/events:0
[  176586ms] TypeError: celebrities?.map is not a function
    at EventsPage (http://localhost:3200/_next/static/chunks/src_0byltht._.js:956:50)
    at Object.react_stack_bottom_frame (http://localhost:3200/_next/static/chunks/11y7_next_dist_compiled_react-dom_02ci42l._.js:15037:24)
    at renderWithHooks (http://localhost:3200/_next/static/chunks/11y7_next_dist_compiled_react-dom_02ci42l._.js:4620:24)
    at updateFunctionComponent (http://localhost:3200/_next/static/chunks/11y7_next_dist_compiled_react-dom_02ci42l._.js:6081:21)
    at beginWork (http://localhost:3200/_next/static/chunks/11y7_next_dist_compiled_react-dom_02ci42l._.js:6691:24)
    at runWithFiberInDEV (http://localhost:3200/_next/static/chunks/11y7_next_dist_compiled_react-dom_02ci42l._.js:965:74)
    at performUnitOfWork (http://localhost:3200/_next/static/chunks/11y7_next_dist_compiled_react-dom_02ci42l._.js:9555:97)
    at workLoopSync (http://localhost:3200/_next/static/chunks/11y7_next_dist_compiled_react-dom_02ci42l._.js:9449:40)
    at renderRootSync (http://localhost:3200/_next/static/chunks/11y7_next_dist_compiled_react-dom_02ci42l._.js:9433:13)
    at performWorkOnRoot (http://localhost:3200/_next/static/chunks/11y7_next_dist_compiled_react-dom_02ci42l._.js:9098:47)
    at performSyncWorkOnRoot (http://localhost:3200/_next/static/chunks/11y7_next_dist_compiled_react-dom_02ci42l._.js:10263:9)
    at flushSyncWorkAcrossRoots_impl (http://localhost:3200/_next/static/chunks/11y7_next_dist_compiled_react-dom_02ci42l._.js:10179:316)
    at processRootScheduleInMicrotask (http://localhost:3200/_next/static/chunks/11y7_next_dist_compiled_react-dom_02ci42l._.js:10200:106)
    at http://localhost:3200/_next/static/chunks/11y7_next_dist_compiled_react-dom_02ci42l._.js:10274:158
